<?xml version="1.0" encoding="UTF-8"?>
<!-- Generated by org.testng.reporters.JUnitXMLReporter -->
<testsuite hostname="WIN-O3O10AT8R71" ignored="0" name="Default test" tests="5" failures="0" timestamp="16 Mar 2022 04:11:11 GMT" time="10.886" errors="0">
  <testcase name="createuser" time="4.7" classname="SDET_Uma.RestAssured_Project.projectwork"/>
  <testcase name="login" time="1.605" classname="SDET_Uma.RestAssured_Project.projectwork"/>
  <testcase name="logout" time="1.517" classname="SDET_Uma.RestAssured_Project.projectwork"/>
  <testcase name="modifyuser" time="1.468" classname="SDET_Uma.RestAssured_Project.projectwork"/>
  <testcase name="deleteuser" time="1.539" classname="SDET_Uma.RestAssured_Project.projectwork"/>
</testsuite> <!-- Default test -->
